[0;32m[2025-07-18 17:05:11] [INFO][0m Starting BTPI-REACT deployment v2.0.0...
[0;32m[2025-07-18 17:05:11] [INFO][0m Deployment ID: d7e79415-ee8d-46af-97e9-8b66e4351d86
[0;32m[2025-07-18 17:05:11] [INFO][0m Running comprehensive pre-deployment checks...
[0;32m[2025-07-18 17:05:11] [INFO][0m Docker not found. Installing Docker...
[0;32m[2025-07-18 17:05:11] [INFO][0m Installing Docker Engine...
[0;32m[2025-07-18 17:06:16] [INFO][0m Added cmndcntrl to docker group
[0;36m[2025-07-18 17:06:16] [SUCCESS][0m Docker installation completed
[0;32m[2025-07-18 17:06:16] [INFO][0m Docker Compose found: 2.38.2
[0;32m[2025-07-18 17:06:16] [INFO][0m System Resources:
[0;32m[2025-07-18 17:06:16] [INFO][0m   CPU Cores: 8
[0;32m[2025-07-18 17:06:16] [INFO][0m   Memory: 26GB
[0;32m[2025-07-18 17:06:16] [INFO][0m   Available Disk: 197GB
[0;32m[2025-07-18 17:06:16] [INFO][0m Checking for port conflicts...
[0;36m[2025-07-18 17:06:17] [SUCCESS][0m No port conflicts detected
[0;36m[2025-07-18 17:06:18] [SUCCESS][0m Pre-deployment checks completed successfully
[0;32m[2025-07-18 17:06:18] [INFO][0m Installing additional system packages...
[0;32m[2025-07-18 19:09:01] [INFO][0m Starting BTPI-REACT deployment v2.0.0...
[0;32m[2025-07-18 19:09:01] [INFO][0m Deployment ID: 268202aa-450a-4d3c-9231-3b59eb4f8a0b
[0;32m[2025-07-18 19:09:01] [INFO][0m Running comprehensive pre-deployment checks...
[0;32m[2025-07-18 19:09:01] [INFO][0m Docker found: Docker version 28.3.2, build 578ccf6
[0;32m[2025-07-18 19:09:02] [INFO][0m Docker Compose found: 2.38.2
[0;32m[2025-07-18 19:09:02] [INFO][0m System Resources:
[0;32m[2025-07-18 19:09:02] [INFO][0m   CPU Cores: 8
[0;32m[2025-07-18 19:09:02] [INFO][0m   Memory: 26GB
[0;32m[2025-07-18 19:09:02] [INFO][0m   Available Disk: 196GB
[0;32m[2025-07-18 19:09:02] [INFO][0m Checking for port conflicts...
[0;36m[2025-07-18 19:09:03] [SUCCESS][0m No port conflicts detected
[0;36m[2025-07-18 19:09:03] [SUCCESS][0m Pre-deployment checks completed successfully
[0;32m[2025-07-18 19:09:03] [INFO][0m Installing additional system packages...
[0;32m[2025-07-18 19:12:36] [INFO][0m Installing Docker Compose standalone...
[0;36m[2025-07-18 19:12:38] [SUCCESS][0m System packages installed
[0;32m[2025-07-18 19:12:38] [INFO][0m Applying system optimizations...
[0;32m[2025-07-18 22:29:36] [INFO][0m Starting BTPI-REACT deployment v2.0.0...
[0;32m[2025-07-18 22:29:36] [INFO][0m Deployment ID: 43adf896-ce2f-408c-9e21-c25869e99a4c
[0;32m[2025-07-18 22:29:36] [INFO][0m Running comprehensive pre-deployment checks...
[0;32m[2025-07-18 22:29:36] [INFO][0m Docker found: Docker version 28.3.2, build 578ccf6
[0;32m[2025-07-18 22:29:36] [INFO][0m Docker Compose found: 2.38.2
[0;32m[2025-07-18 22:29:36] [INFO][0m System Resources:
[0;32m[2025-07-18 22:29:36] [INFO][0m   CPU Cores: 8
[0;32m[2025-07-18 22:29:36] [INFO][0m   Memory: 26GB
[0;32m[2025-07-18 22:29:36] [INFO][0m   Available Disk: 196GB
[0;32m[2025-07-18 22:29:36] [INFO][0m Checking for port conflicts...
[0;36m[2025-07-18 22:29:37] [SUCCESS][0m No port conflicts detected
[0;36m[2025-07-18 22:29:37] [SUCCESS][0m Pre-deployment checks completed successfully
[0;32m[2025-07-18 22:29:37] [INFO][0m Installing additional system packages...
[0;36m[2025-07-18 22:29:48] [SUCCESS][0m System packages installed
[0;32m[2025-07-18 22:29:48] [INFO][0m Applying system optimizations...
[0;32m[2025-07-18 22:54:49] [INFO][0m Starting BTPI-REACT simplified deployment v2.0.1...
[0;32m[2025-07-18 22:54:49] [INFO][0m Deployment ID: 8b434665-7cad-4337-a611-0b24ae3f4fc0
[0;32m[2025-07-18 22:54:49] [INFO][0m Running simplified pre-deployment checks...
[0;32m[2025-07-18 22:54:49] [INFO][0m Docker found: Docker version 28.3.2, build 578ccf6
[0;32m[2025-07-18 22:54:50] [INFO][0m Docker Compose found: 2.38.2
[0;32m[2025-07-18 22:54:50] [INFO][0m System Resources:
[0;32m[2025-07-18 22:54:50] [INFO][0m   CPU Cores: 8
[0;32m[2025-07-18 22:54:50] [INFO][0m   Memory: 26GB
[0;32m[2025-07-18 22:54:50] [INFO][0m   Available Disk: 196GB
[0;36m[2025-07-18 22:54:50] [SUCCESS][0m Pre-deployment checks completed successfully
[0;32m[2025-07-18 22:54:50] [INFO][0m Initializing directory structure...
[0;36m[2025-07-18 22:54:50] [SUCCESS][0m Directory structure initialized
[0;32m[2025-07-18 22:54:50] [INFO][0m Generating secrets and certificates...
[0;36m[2025-07-18 22:54:50] [SUCCESS][0m Environment configuration generated
[0;32m[2025-07-21 09:37:29] [INFO][0m Starting BTPI-REACT simplified deployment v2.0.1...
[0;32m[2025-07-21 09:37:29] [INFO][0m Deployment ID: 03118645-4629-4e95-be1c-86f2e4869ba7
[0;32m[2025-07-21 09:37:29] [INFO][0m Running simplified pre-deployment checks...
[0;32m[2025-07-21 09:37:29] [INFO][0m Docker found: Docker version 28.3.2, build 578ccf6
[0;32m[2025-07-21 09:37:29] [INFO][0m Docker Compose found: 2.38.2
[0;32m[2025-07-21 09:37:29] [INFO][0m System Resources:
[0;32m[2025-07-21 09:37:29] [INFO][0m   CPU Cores: 8
[0;32m[2025-07-21 09:37:29] [INFO][0m   Memory: 26GB
[0;32m[2025-07-21 09:37:29] [INFO][0m   Available Disk: 196GB
[0;36m[2025-07-21 09:37:29] [SUCCESS][0m Pre-deployment checks completed successfully
[0;32m[2025-07-21 09:37:29] [INFO][0m Initializing directory structure...
[0;36m[2025-07-21 09:37:29] [SUCCESS][0m Directory structure initialized
[0;32m[2025-07-21 09:37:29] [INFO][0m Generating secrets and certificates...
[0;32m[2025-07-21 09:37:29] [INFO][0m Environment configuration already exists
[0;32m[2025-07-21 21:29:16] [INFO][0m Starting BTPI-REACT deployment v2.0.0...
[0;32m[2025-07-21 21:29:16] [INFO][0m Deployment ID: 9f455896-2363-4385-bacc-565ca7751595
[0;32m[2025-07-21 21:29:16] [INFO][0m Backing up existing deployment...
[0;36m[2025-07-21 21:29:16] [SUCCESS][0m Backup created: /home/cmndcntrl/code/btpi-react/backups/btpi-backup-20250721_212916.tar.gz
[0;32m[2025-07-21 21:29:16] [INFO][0m Running comprehensive pre-deployment checks...
[0;32m[2025-07-21 21:29:16] [INFO][0m Docker found: Docker version 28.3.2, build 578ccf6
[0;32m[2025-07-21 21:29:16] [INFO][0m Docker Compose found: 2.38.2
[0;32m[2025-07-21 21:29:16] [INFO][0m System Resources:
[0;32m[2025-07-21 21:29:16] [INFO][0m   CPU Cores: 8
[0;32m[2025-07-21 21:29:16] [INFO][0m   Memory: 26GB
[0;32m[2025-07-21 21:29:16] [INFO][0m   Available Disk: 196GB
[0;32m[2025-07-21 21:29:16] [INFO][0m Checking for port conflicts...
[0;36m[2025-07-21 21:29:17] [SUCCESS][0m No port conflicts detected
[0;36m[2025-07-21 21:29:17] [SUCCESS][0m Pre-deployment checks completed successfully
[0;32m[2025-07-21 21:29:17] [INFO][0m Installing additional system packages...
[0;36m[2025-07-21 21:29:35] [SUCCESS][0m System packages installed
[0;32m[2025-07-21 21:29:35] [INFO][0m Applying system optimizations...
